2018-08-09 10:35:11.972  INFO 8368 --- [restartedMain] h.t.ordersystem.OrdersystemApplication   : Starting OrdersystemApplication on ca-PC with PID 8368 (F:\idea\HSBC_TEAM_3_OrderSystem\target\classes started by ca in F:\idea\HSBC_TEAM_3_OrderSystem)
2018-08-09 10:35:11.974  INFO 8368 --- [restartedMain] h.t.ordersystem.OrdersystemApplication   : The following profiles are active: prod
2018-08-09 10:35:12.205  INFO 8368 --- [restartedMain] ConfigServletWebServerApplicationContext : Refreshing org.springframework.boot.web.servlet.context.AnnotationConfigServletWebServerApplicationContext@374a960e: startup date [Thu Aug 09 10:35:12 CST 2018]; root of context hierarchy
2018-08-09 10:35:13.540  INFO 8368 --- [restartedMain] o.s.b.f.s.DefaultListableBeanFactory     : Overriding bean definition for bean 'loginInterceptor' with a different definition: replacing [Generic bean: class [hsbc.team03.ordersystem.loginregister.LoginInterceptor]; scope=singleton; abstract=false; lazyInit=false; autowireMode=0; dependencyCheck=0; autowireCandidate=true; primary=false; factoryBeanName=null; factoryMethodName=null; initMethodName=null; destroyMethodName=null; defined in file [F:\idea\HSBC_TEAM_3_OrderSystem\target\classes\hsbc\team03\ordersystem\loginregister\LoginInterceptor.class]] with [Root bean: class [null]; scope=; abstract=false; lazyInit=false; autowireMode=3; dependencyCheck=0; autowireCandidate=true; primary=false; factoryBeanName=adapterConfig; factoryMethodName=loginInterceptor; initMethodName=null; destroyMethodName=(inferred); defined in class path resource [hsbc/team03/ordersystem/toorder/commonsutils/AdapterConfig.class]]
2018-08-09 10:35:14.854  INFO 8368 --- [restartedMain] trationDelegate$BeanPostProcessorChecker : Bean 'org.springframework.transaction.annotation.ProxyTransactionManagementConfiguration' of type [org.springframework.transaction.annotation.ProxyTransactionManagementConfiguration$$EnhancerBySpringCGLIB$$54b49917] is not eligible for getting processed by all BeanPostProcessors (for example: not eligible for auto-proxying)
2018-08-09 10:35:15.919  INFO 8368 --- [restartedMain] o.s.b.w.embedded.tomcat.TomcatWebServer  : Tomcat initialized with port(s): 8080 (http)
2018-08-09 10:35:15.956  INFO 8368 --- [restartedMain] o.apache.catalina.core.StandardService   : Starting service [Tomcat]
2018-08-09 10:35:15.956  INFO 8368 --- [restartedMain] org.apache.catalina.core.StandardEngine  : Starting Servlet Engine: Apache Tomcat/8.5.32
2018-08-09 10:35:15.964  INFO 8368 --- [localhost-startStop-1] o.a.catalina.core.AprLifecycleListener   : The APR based Apache Tomcat Native library which allows optimal performance in production environments was not found on the java.library.path: [H:\erwin\jdk\jdk1.8\bin;C:\Windows\Sun\Java\bin;C:\Windows\system32;C:\Windows;H:\erwin\jdk\jdk1.8\bin;H:\erwin\jdk\jdk1.8\jre\bin;F:\Oracle\app\ca\product\11.2.0\dbhome_3\bin;C:\ProgramData\Oracle\Java\javapath;C:\Windows\system32;C:\Windows;C:\Windows\System32\Wbem;C:\Windows\System32\WindowsPowerShell\v1.0\;C:\Program Files\Microsoft SQL Server\110\Tools\Binn\;C:\Program Files (x86)\NVIDIA Corporation\PhysX\Common;F:\SDK\platform-tools;F:\SDK\tools;%JBOSS_HOME%\bin;C:\Program Files\Lenovo\Bluetooth Software\;C:\Program Files\Lenovo\Bluetooth Software\syswow64;C:\Users\ca\Desktop\rose_iso\common;F:\MongoDB\bin;F:\Maven\apache-maven-3.5.4\bin;F:\svn Server\bin;F:\TortoiseSVN\bin;C:\Program Files (x86)\Skype\Phone\;F:\git_service\Git\bin;F:\appserv\Apache2.2\bin;F:\appserv\php5;F:\appserv\MySQL\bin;F:\Maven\apache-maven-3.5.4\bin;.]
2018-08-09 10:35:16.223  INFO 8368 --- [localhost-startStop-1] o.a.c.c.C.[Tomcat].[localhost].[/]       : Initializing Spring embedded WebApplicationContext
2018-08-09 10:35:16.223  INFO 8368 --- [localhost-startStop-1] o.s.web.context.ContextLoader            : Root WebApplicationContext: initialization completed in 4018 ms
2018-08-09 10:35:16.336  INFO 8368 --- [localhost-startStop-1] o.s.b.w.servlet.ServletRegistrationBean  : Servlet dispatcherServlet mapped to [/]
2018-08-09 10:35:16.345  INFO 8368 --- [localhost-startStop-1] o.s.b.w.servlet.FilterRegistrationBean   : Mapping filter: 'characterEncodingFilter' to: [/*]
2018-08-09 10:35:16.502  WARN 8368 --- [restartedMain] ConfigServletWebServerApplicationContext : Exception encountered during context initialization - cancelling refresh attempt: org.springframework.beans.factory.UnsatisfiedDependencyException: Error creating bean with name 'inMemoryDatabaseShutdownExecutor' defined in class path resource [org/springframework/boot/devtools/autoconfigure/DevToolsDataSourceAutoConfiguration.class]: Unsatisfied dependency expressed through method 'inMemoryDatabaseShutdownExecutor' parameter 0; nested exception is org.springframework.beans.factory.BeanCreationException: Error creating bean with name 'dataSource' defined in class path resource [org/springframework/boot/autoconfigure/jdbc/DataSourceConfiguration$Hikari.class]: Bean instantiation via factory method failed; nested exception is org.springframework.beans.BeanInstantiationException: Failed to instantiate [com.zaxxer.hikari.HikariDataSource]: Factory method 'dataSource' threw exception; nested exception is org.springframework.boot.autoconfigure.jdbc.DataSourceProperties$DataSourceBeanCreationException: Failed to determine a suitable driver class
2018-08-09 10:35:16.505  INFO 8368 --- [restartedMain] o.apache.catalina.core.StandardService   : Stopping service [Tomcat]
2018-08-09 10:35:16.625  INFO 8368 --- [restartedMain] ConditionEvaluationReportLoggingListener : 

Error starting ApplicationContext. To display the conditions report re-run your application with 'debug' enabled.
2018-08-09 10:35:16.635 ERROR 8368 --- [restartedMain] o.s.b.d.LoggingFailureAnalysisReporter   : 

***************************
APPLICATION FAILED TO START
***************************

Description:

Failed to configure a DataSource: 'url' attribute is not specified and no embedded datasource could be configured.

Reason: Failed to determine a suitable driver class


Action:

Consider the following:
	If you want an embedded database (H2, HSQL or Derby), please put it on the classpath.
	If you have database settings to be loaded from a particular profile you may need to activate it (no profiles are currently active).

2018-08-09 10:35:48.024  INFO 11304 --- [main] h.t.o.d.ManagerControllerTest            : Starting ManagerControllerTest on ca-PC with PID 11304 (started by ca in F:\idea\HSBC_TEAM_3_OrderSystem)
2018-08-09 10:35:48.026  INFO 11304 --- [main] h.t.o.d.ManagerControllerTest            : The following profiles are active: prod
2018-08-09 10:35:48.075  INFO 11304 --- [main] o.s.w.c.s.GenericWebApplicationContext   : Refreshing org.springframework.web.context.support.GenericWebApplicationContext@1a72a540: startup date [Thu Aug 09 10:35:48 CST 2018]; root of context hierarchy
2018-08-09 10:35:51.494  INFO 11304 --- [main] o.s.w.s.handler.SimpleUrlHandlerMapping  : Mapped URL path [/**/favicon.ico] onto handler of type [class org.springframework.web.servlet.resource.ResourceHttpRequestHandler]
2018-08-09 10:35:51.902  INFO 11304 --- [main] s.w.s.m.m.a.RequestMappingHandlerAdapter : Looking for @ControllerAdvice: org.springframework.web.context.support.GenericWebApplicationContext@1a72a540: startup date [Thu Aug 09 10:35:48 CST 2018]; root of context hierarchy
2018-08-09 10:35:52.117  INFO 11304 --- [main] s.w.s.m.m.a.RequestMappingHandlerMapping : Mapped "{[/manager/delete/products],methods=[DELETE]}" onto public int hsbc.team03.ordersystem.displayproduct.ManagerController.deleteProductByProductCode(hsbc.team03.ordersystem.displayproduct.Product)
2018-08-09 10:35:52.119  INFO 11304 --- [main] s.w.s.m.m.a.RequestMappingHandlerMapping : Mapped "{[/manager/add/products],methods=[POST]}" onto public java.lang.Boolean hsbc.team03.ordersystem.displayproduct.ManagerController.addProduct(hsbc.team03.ordersystem.displayproduct.Product)
2018-08-09 10:35:52.120  INFO 11304 --- [main] s.w.s.m.m.a.RequestMappingHandlerMapping : Mapped "{[/manager/modify/products],methods=[POST]}" onto public boolean hsbc.team03.ordersystem.displayproduct.ManagerController.modifyProduct(hsbc.team03.ordersystem.displayproduct.Product)
2018-08-09 10:35:52.121  INFO 11304 --- [main] s.w.s.m.m.a.RequestMappingHandlerMapping : Mapped "{[/login]}" onto public org.springframework.web.servlet.ModelAndView hsbc.team03.ordersystem.displayproduct.ManagerController.managerPage()
2018-08-09 10:35:52.122  INFO 11304 --- [main] s.w.s.m.m.a.RequestMappingHandlerMapping : Mapped "{[/manager/productlist],methods=[GET]}" onto public java.util.List<hsbc.team03.ordersystem.displayproduct.Product> hsbc.team03.ordersystem.displayproduct.ManagerController.getAllProduct()
2018-08-09 10:35:52.126  INFO 11304 --- [main] s.w.s.m.m.a.RequestMappingHandlerMapping : Mapped "{[/error]}" onto public org.springframework.http.ResponseEntity<java.util.Map<java.lang.String, java.lang.Object>> org.springframework.boot.autoconfigure.web.servlet.error.BasicErrorController.error(javax.servlet.http.HttpServletRequest)
2018-08-09 10:35:52.127  INFO 11304 --- [main] s.w.s.m.m.a.RequestMappingHandlerMapping : Mapped "{[/error],produces=[text/html]}" onto public org.springframework.web.servlet.ModelAndView org.springframework.boot.autoconfigure.web.servlet.error.BasicErrorController.errorHtml(javax.servlet.http.HttpServletRequest,javax.servlet.http.HttpServletResponse)
2018-08-09 10:35:52.203  INFO 11304 --- [main] o.s.w.s.handler.SimpleUrlHandlerMapping  : Mapped URL path [/webjars/**] onto handler of type [class org.springframework.web.servlet.resource.ResourceHttpRequestHandler]
2018-08-09 10:35:52.204  INFO 11304 --- [main] o.s.w.s.handler.SimpleUrlHandlerMapping  : Mapped URL path [/**] onto handler of type [class org.springframework.web.servlet.resource.ResourceHttpRequestHandler]
2018-08-09 10:35:52.568  INFO 11304 --- [main] o.s.b.t.m.w.SpringBootMockServletContext : Initializing Spring FrameworkServlet ''
2018-08-09 10:35:52.569  INFO 11304 --- [main] o.s.t.web.servlet.TestDispatcherServlet  : FrameworkServlet '': initialization started
2018-08-09 10:35:52.596  INFO 11304 --- [main] o.s.t.web.servlet.TestDispatcherServlet  : FrameworkServlet '': initialization completed in 27 ms
2018-08-09 10:35:52.670  INFO 11304 --- [main] h.t.o.d.ManagerControllerTest            : Started ManagerControllerTest in 6.044 seconds (JVM running for 8.185)
2018-08-09 10:35:55.800  INFO 11304 --- [Thread-3] o.s.w.c.s.GenericWebApplicationContext   : Closing org.springframework.web.context.support.GenericWebApplicationContext@1a72a540: startup date [Thu Aug 09 10:35:48 CST 2018]; root of context hierarchy
2018-08-09 10:36:12.165  INFO 12700 --- [main] h.t.o.t.products.OrderControllerTest     : Starting OrderControllerTest on ca-PC with PID 12700 (started by ca in F:\idea\HSBC_TEAM_3_OrderSystem)
2018-08-09 10:36:12.170  INFO 12700 --- [main] h.t.o.t.products.OrderControllerTest     : The following profiles are active: prod
2018-08-09 10:36:12.331  INFO 12700 --- [main] o.s.w.c.s.GenericWebApplicationContext   : Refreshing org.springframework.web.context.support.GenericWebApplicationContext@4ea5b703: startup date [Thu Aug 09 10:36:12 CST 2018]; root of context hierarchy
2018-08-09 10:36:15.704  INFO 12700 --- [main] o.s.w.s.handler.SimpleUrlHandlerMapping  : Mapped URL path [/**/favicon.ico] onto handler of type [class org.springframework.web.servlet.resource.ResourceHttpRequestHandler]
2018-08-09 10:36:16.145  INFO 12700 --- [main] s.w.s.m.m.a.RequestMappingHandlerAdapter : Looking for @ControllerAdvice: org.springframework.web.context.support.GenericWebApplicationContext@4ea5b703: startup date [Thu Aug 09 10:36:12 CST 2018]; root of context hierarchy
2018-08-09 10:36:16.352  INFO 12700 --- [main] s.w.s.m.m.a.RequestMappingHandlerMapping : Mapped "{[/order/toorder],methods=[POST],produces=[application/json;charset=utf-8]}" onto public java.lang.Object hsbc.team03.ordersystem.toorder.product.OrderController.toOrder(hsbc.team03.ordersystem.toorder.product.ProductInfo,java.lang.String,javax.servlet.http.HttpServletRequest)
2018-08-09 10:36:16.357  INFO 12700 --- [main] s.w.s.m.m.a.RequestMappingHandlerMapping : Mapped "{[/error]}" onto public org.springframework.http.ResponseEntity<java.util.Map<java.lang.String, java.lang.Object>> org.springframework.boot.autoconfigure.web.servlet.error.BasicErrorController.error(javax.servlet.http.HttpServletRequest)
2018-08-09 10:36:16.358  INFO 12700 --- [main] s.w.s.m.m.a.RequestMappingHandlerMapping : Mapped "{[/error],produces=[text/html]}" onto public org.springframework.web.servlet.ModelAndView org.springframework.boot.autoconfigure.web.servlet.error.BasicErrorController.errorHtml(javax.servlet.http.HttpServletRequest,javax.servlet.http.HttpServletResponse)
2018-08-09 10:36:16.443  INFO 12700 --- [main] o.s.w.s.handler.SimpleUrlHandlerMapping  : Mapped URL path [/webjars/**] onto handler of type [class org.springframework.web.servlet.resource.ResourceHttpRequestHandler]
2018-08-09 10:36:16.444  INFO 12700 --- [main] o.s.w.s.handler.SimpleUrlHandlerMapping  : Mapped URL path [/**] onto handler of type [class org.springframework.web.servlet.resource.ResourceHttpRequestHandler]
2018-08-09 10:36:16.691  INFO 12700 --- [main] o.s.b.t.m.w.SpringBootMockServletContext : Initializing Spring FrameworkServlet ''
2018-08-09 10:36:16.692  INFO 12700 --- [main] o.s.t.web.servlet.TestDispatcherServlet  : FrameworkServlet '': initialization started
2018-08-09 10:36:16.717  INFO 12700 --- [main] o.s.t.web.servlet.TestDispatcherServlet  : FrameworkServlet '': initialization completed in 24 ms
2018-08-09 10:36:16.806  INFO 12700 --- [main] h.t.o.t.products.OrderControllerTest     : Started OrderControllerTest in 5.527 seconds (JVM running for 7.358)
2018-08-09 10:36:19.554  INFO 12700 --- [main] h.t.o.toorder.product.OrderController    : ResultView(status=200, msg=success, data=OrderInfo(orderId=09f72e52-4b31-4a92-bede-7dd09cc0e7d7, productName=信用卡, productNumber=3, userName=Chen, userPhone=11111111111, userAddress=岗顶, productPrice=100.0))
2018-08-09 10:36:19.671  INFO 12700 --- [main] h.t.o.t.products.OrderControllerTest     : {"status":200,"msg":"success","data":{"orderid":"09f72e52-4b31-4a92-bede-7dd09cc0e7d7","productname":"信用卡","productnumber":3,"username":"Chen","userphone":"11111111111","useraddress":"岗顶","productprice":100.0}}
2018-08-09 10:36:19.677  INFO 12700 --- [Thread-3] o.s.w.c.s.GenericWebApplicationContext   : Closing org.springframework.web.context.support.GenericWebApplicationContext@4ea5b703: startup date [Thu Aug 09 10:36:12 CST 2018]; root of context hierarchy
2018-08-09 10:36:47.484  INFO 9728 --- [restartedMain] h.t.ordersystem.OrdersystemApplication   : Starting OrdersystemApplication on ca-PC with PID 9728 (F:\idea\HSBC_TEAM_3_OrderSystem\target\classes started by ca in F:\idea\HSBC_TEAM_3_OrderSystem)
2018-08-09 10:36:47.485  INFO 9728 --- [restartedMain] h.t.ordersystem.OrdersystemApplication   : The following profiles are active: prod
2018-08-09 10:36:47.841  INFO 9728 --- [restartedMain] ConfigServletWebServerApplicationContext : Refreshing org.springframework.boot.web.servlet.context.AnnotationConfigServletWebServerApplicationContext@78482368: startup date [Thu Aug 09 10:36:47 CST 2018]; root of context hierarchy
2018-08-09 10:36:48.859  INFO 9728 --- [restartedMain] o.s.b.f.s.DefaultListableBeanFactory     : Overriding bean definition for bean 'loginInterceptor' with a different definition: replacing [Generic bean: class [hsbc.team03.ordersystem.loginregister.LoginInterceptor]; scope=singleton; abstract=false; lazyInit=false; autowireMode=0; dependencyCheck=0; autowireCandidate=true; primary=false; factoryBeanName=null; factoryMethodName=null; initMethodName=null; destroyMethodName=null; defined in file [F:\idea\HSBC_TEAM_3_OrderSystem\target\classes\hsbc\team03\ordersystem\loginregister\LoginInterceptor.class]] with [Root bean: class [null]; scope=; abstract=false; lazyInit=false; autowireMode=3; dependencyCheck=0; autowireCandidate=true; primary=false; factoryBeanName=adapterConfig; factoryMethodName=loginInterceptor; initMethodName=null; destroyMethodName=(inferred); defined in class path resource [hsbc/team03/ordersystem/toorder/commonsutils/AdapterConfig.class]]
2018-08-09 10:36:49.918  INFO 9728 --- [restartedMain] trationDelegate$BeanPostProcessorChecker : Bean 'org.springframework.transaction.annotation.ProxyTransactionManagementConfiguration' of type [org.springframework.transaction.annotation.ProxyTransactionManagementConfiguration$$EnhancerBySpringCGLIB$$4f314d30] is not eligible for getting processed by all BeanPostProcessors (for example: not eligible for auto-proxying)
2018-08-09 10:36:50.939  INFO 9728 --- [restartedMain] o.s.b.w.embedded.tomcat.TomcatWebServer  : Tomcat initialized with port(s): 8080 (http)
2018-08-09 10:36:50.990  INFO 9728 --- [restartedMain] o.apache.catalina.core.StandardService   : Starting service [Tomcat]
2018-08-09 10:36:50.990  INFO 9728 --- [restartedMain] org.apache.catalina.core.StandardEngine  : Starting Servlet Engine: Apache Tomcat/8.5.32
2018-08-09 10:36:51.006  INFO 9728 --- [localhost-startStop-1] o.a.catalina.core.AprLifecycleListener   : The APR based Apache Tomcat Native library which allows optimal performance in production environments was not found on the java.library.path: [H:\erwin\jdk\jdk1.8\bin;C:\Windows\Sun\Java\bin;C:\Windows\system32;C:\Windows;H:\erwin\jdk\jdk1.8\bin;H:\erwin\jdk\jdk1.8\jre\bin;F:\Oracle\app\ca\product\11.2.0\dbhome_3\bin;C:\ProgramData\Oracle\Java\javapath;C:\Windows\system32;C:\Windows;C:\Windows\System32\Wbem;C:\Windows\System32\WindowsPowerShell\v1.0\;C:\Program Files\Microsoft SQL Server\110\Tools\Binn\;C:\Program Files (x86)\NVIDIA Corporation\PhysX\Common;F:\SDK\platform-tools;F:\SDK\tools;%JBOSS_HOME%\bin;C:\Program Files\Lenovo\Bluetooth Software\;C:\Program Files\Lenovo\Bluetooth Software\syswow64;C:\Users\ca\Desktop\rose_iso\common;F:\MongoDB\bin;F:\Maven\apache-maven-3.5.4\bin;F:\svn Server\bin;F:\TortoiseSVN\bin;C:\Program Files (x86)\Skype\Phone\;F:\git_service\Git\bin;F:\appserv\Apache2.2\bin;F:\appserv\php5;F:\appserv\MySQL\bin;F:\Maven\apache-maven-3.5.4\bin;.]
2018-08-09 10:36:51.314  INFO 9728 --- [localhost-startStop-1] o.a.c.c.C.[Tomcat].[localhost].[/]       : Initializing Spring embedded WebApplicationContext
2018-08-09 10:36:51.314  INFO 9728 --- [localhost-startStop-1] o.s.web.context.ContextLoader            : Root WebApplicationContext: initialization completed in 3473 ms
2018-08-09 10:36:51.418  INFO 9728 --- [localhost-startStop-1] o.s.b.w.servlet.ServletRegistrationBean  : Servlet dispatcherServlet mapped to [/]
2018-08-09 10:36:51.428  INFO 9728 --- [localhost-startStop-1] o.s.b.w.servlet.FilterRegistrationBean   : Mapping filter: 'characterEncodingFilter' to: [/*]
2018-08-09 10:36:51.556  WARN 9728 --- [restartedMain] ConfigServletWebServerApplicationContext : Exception encountered during context initialization - cancelling refresh attempt: org.springframework.beans.factory.UnsatisfiedDependencyException: Error creating bean with name 'inMemoryDatabaseShutdownExecutor' defined in class path resource [org/springframework/boot/devtools/autoconfigure/DevToolsDataSourceAutoConfiguration.class]: Unsatisfied dependency expressed through method 'inMemoryDatabaseShutdownExecutor' parameter 0; nested exception is org.springframework.beans.factory.BeanCreationException: Error creating bean with name 'dataSource' defined in class path resource [org/springframework/boot/autoconfigure/jdbc/DataSourceConfiguration$Hikari.class]: Bean instantiation via factory method failed; nested exception is org.springframework.beans.BeanInstantiationException: Failed to instantiate [com.zaxxer.hikari.HikariDataSource]: Factory method 'dataSource' threw exception; nested exception is org.springframework.boot.autoconfigure.jdbc.DataSourceProperties$DataSourceBeanCreationException: Failed to determine a suitable driver class
2018-08-09 10:36:51.561  INFO 9728 --- [restartedMain] o.apache.catalina.core.StandardService   : Stopping service [Tomcat]
2018-08-09 10:36:51.719  INFO 9728 --- [restartedMain] ConditionEvaluationReportLoggingListener : 

Error starting ApplicationContext. To display the conditions report re-run your application with 'debug' enabled.
2018-08-09 10:36:51.740 ERROR 9728 --- [restartedMain] o.s.b.d.LoggingFailureAnalysisReporter   : 

***************************
APPLICATION FAILED TO START
***************************

Description:

Failed to configure a DataSource: 'url' attribute is not specified and no embedded datasource could be configured.

Reason: Failed to determine a suitable driver class


Action:

Consider the following:
	If you want an embedded database (H2, HSQL or Derby), please put it on the classpath.
	If you have database settings to be loaded from a particular profile you may need to activate it (no profiles are currently active).

2018-08-09 10:37:36.357  INFO 12668 --- [restartedMain] h.t.ordersystem.OrdersystemApplication   : Starting OrdersystemApplication on ca-PC with PID 12668 (F:\idea\HSBC_TEAM_3_OrderSystem\target\classes started by ca in F:\idea\HSBC_TEAM_3_OrderSystem)
2018-08-09 10:37:36.358  INFO 12668 --- [restartedMain] h.t.ordersystem.OrdersystemApplication   : The following profiles are active: prod
2018-08-09 10:37:36.526  INFO 12668 --- [restartedMain] ConfigServletWebServerApplicationContext : Refreshing org.springframework.boot.web.servlet.context.AnnotationConfigServletWebServerApplicationContext@66340b21: startup date [Thu Aug 09 10:37:36 CST 2018]; root of context hierarchy
2018-08-09 10:37:37.663  INFO 12668 --- [restartedMain] o.s.b.f.s.DefaultListableBeanFactory     : Overriding bean definition for bean 'loginInterceptor' with a different definition: replacing [Generic bean: class [hsbc.team03.ordersystem.loginregister.LoginInterceptor]; scope=singleton; abstract=false; lazyInit=false; autowireMode=0; dependencyCheck=0; autowireCandidate=true; primary=false; factoryBeanName=null; factoryMethodName=null; initMethodName=null; destroyMethodName=null; defined in file [F:\idea\HSBC_TEAM_3_OrderSystem\target\classes\hsbc\team03\ordersystem\loginregister\LoginInterceptor.class]] with [Root bean: class [null]; scope=; abstract=false; lazyInit=false; autowireMode=3; dependencyCheck=0; autowireCandidate=true; primary=false; factoryBeanName=adapterConfig; factoryMethodName=loginInterceptor; initMethodName=null; destroyMethodName=(inferred); defined in class path resource [hsbc/team03/ordersystem/toorder/commonsutils/AdapterConfig.class]]
2018-08-09 10:37:39.563  INFO 12668 --- [restartedMain] o.s.b.w.embedded.tomcat.TomcatWebServer  : Tomcat initialized with port(s): 8080 (http)
2018-08-09 10:37:39.599  INFO 12668 --- [restartedMain] o.apache.catalina.core.StandardService   : Starting service [Tomcat]
2018-08-09 10:37:39.600  INFO 12668 --- [restartedMain] org.apache.catalina.core.StandardEngine  : Starting Servlet Engine: Apache Tomcat/8.5.32
2018-08-09 10:37:39.614  INFO 12668 --- [localhost-startStop-1] o.a.catalina.core.AprLifecycleListener   : The APR based Apache Tomcat Native library which allows optimal performance in production environments was not found on the java.library.path: [H:\erwin\jdk\jdk1.8\bin;C:\Windows\Sun\Java\bin;C:\Windows\system32;C:\Windows;H:\erwin\jdk\jdk1.8\bin;H:\erwin\jdk\jdk1.8\jre\bin;F:\Oracle\app\ca\product\11.2.0\dbhome_3\bin;C:\ProgramData\Oracle\Java\javapath;C:\Windows\system32;C:\Windows;C:\Windows\System32\Wbem;C:\Windows\System32\WindowsPowerShell\v1.0\;C:\Program Files\Microsoft SQL Server\110\Tools\Binn\;C:\Program Files (x86)\NVIDIA Corporation\PhysX\Common;F:\SDK\platform-tools;F:\SDK\tools;%JBOSS_HOME%\bin;C:\Program Files\Lenovo\Bluetooth Software\;C:\Program Files\Lenovo\Bluetooth Software\syswow64;C:\Users\ca\Desktop\rose_iso\common;F:\MongoDB\bin;F:\Maven\apache-maven-3.5.4\bin;F:\svn Server\bin;F:\TortoiseSVN\bin;C:\Program Files (x86)\Skype\Phone\;F:\git_service\Git\bin;F:\appserv\Apache2.2\bin;F:\appserv\php5;F:\appserv\MySQL\bin;F:\Maven\apache-maven-3.5.4\bin;.]
2018-08-09 10:37:39.799  INFO 12668 --- [localhost-startStop-1] o.a.c.c.C.[Tomcat].[localhost].[/]       : Initializing Spring embedded WebApplicationContext
2018-08-09 10:37:39.800  INFO 12668 --- [localhost-startStop-1] o.s.web.context.ContextLoader            : Root WebApplicationContext: initialization completed in 3274 ms
2018-08-09 10:37:39.858  INFO 12668 --- [localhost-startStop-1] o.s.b.w.servlet.ServletRegistrationBean  : Servlet dispatcherServlet mapped to [/]
2018-08-09 10:37:39.863  INFO 12668 --- [localhost-startStop-1] o.s.b.w.servlet.FilterRegistrationBean   : Mapping filter: 'characterEncodingFilter' to: [/*]
2018-08-09 10:37:40.012  WARN 12668 --- [restartedMain] ConfigServletWebServerApplicationContext : Exception encountered during context initialization - cancelling refresh attempt: org.springframework.beans.factory.UnsatisfiedDependencyException: Error creating bean with name 'productController' defined in file [F:\idea\HSBC_TEAM_3_OrderSystem\target\classes\hsbc\team03\ordersystem\displayproduct\ProductController.class]: Unsatisfied dependency expressed through constructor parameter 0; nested exception is org.springframework.beans.factory.UnsatisfiedDependencyException: Error creating bean with name 'productServiceImpl' defined in file [F:\idea\HSBC_TEAM_3_OrderSystem\target\classes\hsbc\team03\ordersystem\displayproduct\ProductServiceImpl.class]: Unsatisfied dependency expressed through constructor parameter 0; nested exception is org.springframework.beans.factory.NoSuchBeanDefinitionException: No qualifying bean of type 'hsbc.team03.ordersystem.displayproduct.ProductRepository' available: expected at least 1 bean which qualifies as autowire candidate. Dependency annotations: {}
2018-08-09 10:37:40.017  INFO 12668 --- [restartedMain] o.apache.catalina.core.StandardService   : Stopping service [Tomcat]
2018-08-09 10:37:40.055  INFO 12668 --- [restartedMain] ConditionEvaluationReportLoggingListener : 

Error starting ApplicationContext. To display the conditions report re-run your application with 'debug' enabled.
2018-08-09 10:37:40.405 ERROR 12668 --- [restartedMain] o.s.b.d.LoggingFailureAnalysisReporter   : 

***************************
APPLICATION FAILED TO START
***************************

Description:

Parameter 0 of constructor in hsbc.team03.ordersystem.displayproduct.ProductServiceImpl required a bean of type 'hsbc.team03.ordersystem.displayproduct.ProductRepository' that could not be found.


Action:

Consider defining a bean of type 'hsbc.team03.ordersystem.displayproduct.ProductRepository' in your configuration.

2018-08-09 10:40:12.094  INFO 12408 --- [restartedMain] h.t.ordersystem.OrdersystemApplication   : Starting OrdersystemApplication on ca-PC with PID 12408 (F:\idea\HSBC_TEAM_3_OrderSystem\target\classes started by ca in F:\idea\HSBC_TEAM_3_OrderSystem)
2018-08-09 10:40:12.095  INFO 12408 --- [restartedMain] h.t.ordersystem.OrdersystemApplication   : The following profiles are active: prod
2018-08-09 10:40:12.190  INFO 12408 --- [restartedMain] ConfigServletWebServerApplicationContext : Refreshing org.springframework.boot.web.servlet.context.AnnotationConfigServletWebServerApplicationContext@69e80c93: startup date [Thu Aug 09 10:40:12 CST 2018]; root of context hierarchy
2018-08-09 10:40:13.371  INFO 12408 --- [restartedMain] o.s.b.f.s.DefaultListableBeanFactory     : Overriding bean definition for bean 'loginInterceptor' with a different definition: replacing [Generic bean: class [hsbc.team03.ordersystem.loginregister.LoginInterceptor]; scope=singleton; abstract=false; lazyInit=false; autowireMode=0; dependencyCheck=0; autowireCandidate=true; primary=false; factoryBeanName=null; factoryMethodName=null; initMethodName=null; destroyMethodName=null; defined in file [F:\idea\HSBC_TEAM_3_OrderSystem\target\classes\hsbc\team03\ordersystem\loginregister\LoginInterceptor.class]] with [Root bean: class [null]; scope=; abstract=false; lazyInit=false; autowireMode=3; dependencyCheck=0; autowireCandidate=true; primary=false; factoryBeanName=adapterConfig; factoryMethodName=loginInterceptor; initMethodName=null; destroyMethodName=(inferred); defined in class path resource [hsbc/team03/ordersystem/toorder/commonsutils/AdapterConfig.class]]
2018-08-09 10:40:15.051  INFO 12408 --- [restartedMain] o.s.b.w.embedded.tomcat.TomcatWebServer  : Tomcat initialized with port(s): 8080 (http)
2018-08-09 10:40:15.094  INFO 12408 --- [restartedMain] o.apache.catalina.core.StandardService   : Starting service [Tomcat]
2018-08-09 10:40:15.095  INFO 12408 --- [restartedMain] org.apache.catalina.core.StandardEngine  : Starting Servlet Engine: Apache Tomcat/8.5.32
2018-08-09 10:40:15.106  INFO 12408 --- [localhost-startStop-1] o.a.catalina.core.AprLifecycleListener   : The APR based Apache Tomcat Native library which allows optimal performance in production environments was not found on the java.library.path: [H:\erwin\jdk\jdk1.8\bin;C:\Windows\Sun\Java\bin;C:\Windows\system32;C:\Windows;H:\erwin\jdk\jdk1.8\bin;H:\erwin\jdk\jdk1.8\jre\bin;F:\Oracle\app\ca\product\11.2.0\dbhome_3\bin;C:\ProgramData\Oracle\Java\javapath;C:\Windows\system32;C:\Windows;C:\Windows\System32\Wbem;C:\Windows\System32\WindowsPowerShell\v1.0\;C:\Program Files\Microsoft SQL Server\110\Tools\Binn\;C:\Program Files (x86)\NVIDIA Corporation\PhysX\Common;F:\SDK\platform-tools;F:\SDK\tools;%JBOSS_HOME%\bin;C:\Program Files\Lenovo\Bluetooth Software\;C:\Program Files\Lenovo\Bluetooth Software\syswow64;C:\Users\ca\Desktop\rose_iso\common;F:\MongoDB\bin;F:\Maven\apache-maven-3.5.4\bin;F:\svn Server\bin;F:\TortoiseSVN\bin;C:\Program Files (x86)\Skype\Phone\;F:\git_service\Git\bin;F:\appserv\Apache2.2\bin;F:\appserv\php5;F:\appserv\MySQL\bin;F:\Maven\apache-maven-3.5.4\bin;.]
2018-08-09 10:40:15.292  INFO 12408 --- [localhost-startStop-1] o.a.c.c.C.[Tomcat].[localhost].[/]       : Initializing Spring embedded WebApplicationContext
2018-08-09 10:40:15.292  INFO 12408 --- [localhost-startStop-1] o.s.web.context.ContextLoader            : Root WebApplicationContext: initialization completed in 3102 ms
2018-08-09 10:40:15.344  INFO 12408 --- [localhost-startStop-1] o.s.b.w.servlet.ServletRegistrationBean  : Servlet dispatcherServlet mapped to [/]
2018-08-09 10:40:15.349  INFO 12408 --- [localhost-startStop-1] o.s.b.w.servlet.FilterRegistrationBean   : Mapping filter: 'characterEncodingFilter' to: [/*]
2018-08-09 10:40:15.442  WARN 12408 --- [restartedMain] ConfigServletWebServerApplicationContext : Exception encountered during context initialization - cancelling refresh attempt: org.springframework.beans.factory.UnsatisfiedDependencyException: Error creating bean with name 'productController' defined in file [F:\idea\HSBC_TEAM_3_OrderSystem\target\classes\hsbc\team03\ordersystem\displayproduct\ProductController.class]: Unsatisfied dependency expressed through constructor parameter 0; nested exception is org.springframework.beans.factory.UnsatisfiedDependencyException: Error creating bean with name 'productServiceImpl' defined in file [F:\idea\HSBC_TEAM_3_OrderSystem\target\classes\hsbc\team03\ordersystem\displayproduct\ProductServiceImpl.class]: Unsatisfied dependency expressed through constructor parameter 0; nested exception is org.springframework.beans.factory.NoSuchBeanDefinitionException: No qualifying bean of type 'hsbc.team03.ordersystem.displayproduct.ProductRepository' available: expected at least 1 bean which qualifies as autowire candidate. Dependency annotations: {}
2018-08-09 10:40:15.446  INFO 12408 --- [restartedMain] o.apache.catalina.core.StandardService   : Stopping service [Tomcat]
2018-08-09 10:40:15.477  INFO 12408 --- [restartedMain] ConditionEvaluationReportLoggingListener : 

Error starting ApplicationContext. To display the conditions report re-run your application with 'debug' enabled.
2018-08-09 10:40:15.711 ERROR 12408 --- [restartedMain] o.s.b.d.LoggingFailureAnalysisReporter   : 

***************************
APPLICATION FAILED TO START
***************************

Description:

Parameter 0 of constructor in hsbc.team03.ordersystem.displayproduct.ProductServiceImpl required a bean of type 'hsbc.team03.ordersystem.displayproduct.ProductRepository' that could not be found.


Action:

Consider defining a bean of type 'hsbc.team03.ordersystem.displayproduct.ProductRepository' in your configuration.

2018-08-09 10:42:06.907  INFO 12804 --- [restartedMain] h.t.ordersystem.OrdersystemApplication   : Starting OrdersystemApplication on ca-PC with PID 12804 (F:\idea\HSBC_TEAM_3_OrderSystem\target\classes started by ca in F:\idea\HSBC_TEAM_3_OrderSystem)
2018-08-09 10:42:06.909  INFO 12804 --- [restartedMain] h.t.ordersystem.OrdersystemApplication   : The following profiles are active: prod
2018-08-09 10:42:06.997  INFO 12804 --- [restartedMain] ConfigServletWebServerApplicationContext : Refreshing org.springframework.boot.web.servlet.context.AnnotationConfigServletWebServerApplicationContext@768f3e4d: startup date [Thu Aug 09 10:42:06 CST 2018]; root of context hierarchy
2018-08-09 10:42:08.687  INFO 12804 --- [restartedMain] o.s.b.f.s.DefaultListableBeanFactory     : Overriding bean definition for bean 'loginInterceptor' with a different definition: replacing [Generic bean: class [hsbc.team03.ordersystem.loginregister.LoginInterceptor]; scope=singleton; abstract=false; lazyInit=false; autowireMode=0; dependencyCheck=0; autowireCandidate=true; primary=false; factoryBeanName=null; factoryMethodName=null; initMethodName=null; destroyMethodName=null; defined in file [F:\idea\HSBC_TEAM_3_OrderSystem\target\classes\hsbc\team03\ordersystem\loginregister\LoginInterceptor.class]] with [Root bean: class [null]; scope=; abstract=false; lazyInit=false; autowireMode=3; dependencyCheck=0; autowireCandidate=true; primary=false; factoryBeanName=adapterConfig; factoryMethodName=loginInterceptor; initMethodName=null; destroyMethodName=(inferred); defined in class path resource [hsbc/team03/ordersystem/toorder/commonsutils/AdapterConfig.class]]
2018-08-09 10:42:10.524  INFO 12804 --- [restartedMain] o.s.b.w.embedded.tomcat.TomcatWebServer  : Tomcat initialized with port(s): 8080 (http)
2018-08-09 10:42:10.555  INFO 12804 --- [restartedMain] o.apache.catalina.core.StandardService   : Starting service [Tomcat]
2018-08-09 10:42:10.555  INFO 12804 --- [restartedMain] org.apache.catalina.core.StandardEngine  : Starting Servlet Engine: Apache Tomcat/8.5.32
2018-08-09 10:42:10.567  INFO 12804 --- [localhost-startStop-1] o.a.catalina.core.AprLifecycleListener   : The APR based Apache Tomcat Native library which allows optimal performance in production environments was not found on the java.library.path: [H:\erwin\jdk\jdk1.8\bin;C:\Windows\Sun\Java\bin;C:\Windows\system32;C:\Windows;H:\erwin\jdk\jdk1.8\bin;H:\erwin\jdk\jdk1.8\jre\bin;F:\Oracle\app\ca\product\11.2.0\dbhome_3\bin;C:\ProgramData\Oracle\Java\javapath;C:\Windows\system32;C:\Windows;C:\Windows\System32\Wbem;C:\Windows\System32\WindowsPowerShell\v1.0\;C:\Program Files\Microsoft SQL Server\110\Tools\Binn\;C:\Program Files (x86)\NVIDIA Corporation\PhysX\Common;F:\SDK\platform-tools;F:\SDK\tools;%JBOSS_HOME%\bin;C:\Program Files\Lenovo\Bluetooth Software\;C:\Program Files\Lenovo\Bluetooth Software\syswow64;C:\Users\ca\Desktop\rose_iso\common;F:\MongoDB\bin;F:\Maven\apache-maven-3.5.4\bin;F:\svn Server\bin;F:\TortoiseSVN\bin;C:\Program Files (x86)\Skype\Phone\;F:\git_service\Git\bin;F:\appserv\Apache2.2\bin;F:\appserv\php5;F:\appserv\MySQL\bin;F:\Maven\apache-maven-3.5.4\bin;.]
2018-08-09 10:42:10.775  INFO 12804 --- [localhost-startStop-1] o.a.c.c.C.[Tomcat].[localhost].[/]       : Initializing Spring embedded WebApplicationContext
2018-08-09 10:42:10.776  INFO 12804 --- [localhost-startStop-1] o.s.web.context.ContextLoader            : Root WebApplicationContext: initialization completed in 3779 ms
2018-08-09 10:42:10.824  INFO 12804 --- [localhost-startStop-1] o.s.b.w.servlet.ServletRegistrationBean  : Servlet dispatcherServlet mapped to [/]
2018-08-09 10:42:10.829  INFO 12804 --- [localhost-startStop-1] o.s.b.w.servlet.FilterRegistrationBean   : Mapping filter: 'characterEncodingFilter' to: [/*]
2018-08-09 10:42:10.921  WARN 12804 --- [restartedMain] ConfigServletWebServerApplicationContext : Exception encountered during context initialization - cancelling refresh attempt: org.springframework.beans.factory.UnsatisfiedDependencyException: Error creating bean with name 'productController' defined in file [F:\idea\HSBC_TEAM_3_OrderSystem\target\classes\hsbc\team03\ordersystem\displayproduct\ProductController.class]: Unsatisfied dependency expressed through constructor parameter 0; nested exception is org.springframework.beans.factory.UnsatisfiedDependencyException: Error creating bean with name 'productServiceImpl' defined in file [F:\idea\HSBC_TEAM_3_OrderSystem\target\classes\hsbc\team03\ordersystem\displayproduct\ProductServiceImpl.class]: Unsatisfied dependency expressed through constructor parameter 0; nested exception is org.springframework.beans.factory.NoSuchBeanDefinitionException: No qualifying bean of type 'hsbc.team03.ordersystem.displayproduct.ProductRepository' available: expected at least 1 bean which qualifies as autowire candidate. Dependency annotations: {}
2018-08-09 10:42:10.925  INFO 12804 --- [restartedMain] o.apache.catalina.core.StandardService   : Stopping service [Tomcat]
2018-08-09 10:42:10.953  INFO 12804 --- [restartedMain] ConditionEvaluationReportLoggingListener : 

Error starting ApplicationContext. To display the conditions report re-run your application with 'debug' enabled.
2018-08-09 10:42:11.268 ERROR 12804 --- [restartedMain] o.s.b.d.LoggingFailureAnalysisReporter   : 

***************************
APPLICATION FAILED TO START
***************************

Description:

Parameter 0 of constructor in hsbc.team03.ordersystem.displayproduct.ProductServiceImpl required a bean of type 'hsbc.team03.ordersystem.displayproduct.ProductRepository' that could not be found.


Action:

Consider defining a bean of type 'hsbc.team03.ordersystem.displayproduct.ProductRepository' in your configuration.

2018-08-09 10:43:27.409  INFO 12712 --- [restartedMain] h.t.ordersystem.OrdersystemApplication   : Starting OrdersystemApplication on ca-PC with PID 12712 (F:\idea\HSBC_TEAM_3_OrderSystem\target\classes started by ca in F:\idea\HSBC_TEAM_3_OrderSystem)
2018-08-09 10:43:27.410  INFO 12712 --- [restartedMain] h.t.ordersystem.OrdersystemApplication   : The following profiles are active: prod
2018-08-09 10:43:27.498  INFO 12712 --- [restartedMain] ConfigServletWebServerApplicationContext : Refreshing org.springframework.boot.web.servlet.context.AnnotationConfigServletWebServerApplicationContext@65fb0536: startup date [Thu Aug 09 10:43:27 CST 2018]; root of context hierarchy
2018-08-09 10:43:28.587  INFO 12712 --- [restartedMain] o.s.b.f.s.DefaultListableBeanFactory     : Overriding bean definition for bean 'loginInterceptor' with a different definition: replacing [Generic bean: class [hsbc.team03.ordersystem.loginregister.LoginInterceptor]; scope=singleton; abstract=false; lazyInit=false; autowireMode=0; dependencyCheck=0; autowireCandidate=true; primary=false; factoryBeanName=null; factoryMethodName=null; initMethodName=null; destroyMethodName=null; defined in file [F:\idea\HSBC_TEAM_3_OrderSystem\target\classes\hsbc\team03\ordersystem\loginregister\LoginInterceptor.class]] with [Root bean: class [null]; scope=; abstract=false; lazyInit=false; autowireMode=3; dependencyCheck=0; autowireCandidate=true; primary=false; factoryBeanName=adapterConfig; factoryMethodName=loginInterceptor; initMethodName=null; destroyMethodName=(inferred); defined in class path resource [hsbc/team03/ordersystem/toorder/commonsutils/AdapterConfig.class]]
2018-08-09 10:43:30.175  INFO 12712 --- [restartedMain] o.s.b.w.embedded.tomcat.TomcatWebServer  : Tomcat initialized with port(s): 8080 (http)
2018-08-09 10:43:30.204  INFO 12712 --- [restartedMain] o.apache.catalina.core.StandardService   : Starting service [Tomcat]
2018-08-09 10:43:30.204  INFO 12712 --- [restartedMain] org.apache.catalina.core.StandardEngine  : Starting Servlet Engine: Apache Tomcat/8.5.32
2018-08-09 10:43:30.234  INFO 12712 --- [localhost-startStop-1] o.a.catalina.core.AprLifecycleListener   : The APR based Apache Tomcat Native library which allows optimal performance in production environments was not found on the java.library.path: [H:\erwin\jdk\jdk1.8\bin;C:\Windows\Sun\Java\bin;C:\Windows\system32;C:\Windows;H:\erwin\jdk\jdk1.8\bin;H:\erwin\jdk\jdk1.8\jre\bin;F:\Oracle\app\ca\product\11.2.0\dbhome_3\bin;C:\ProgramData\Oracle\Java\javapath;C:\Windows\system32;C:\Windows;C:\Windows\System32\Wbem;C:\Windows\System32\WindowsPowerShell\v1.0\;C:\Program Files\Microsoft SQL Server\110\Tools\Binn\;C:\Program Files (x86)\NVIDIA Corporation\PhysX\Common;F:\SDK\platform-tools;F:\SDK\tools;%JBOSS_HOME%\bin;C:\Program Files\Lenovo\Bluetooth Software\;C:\Program Files\Lenovo\Bluetooth Software\syswow64;C:\Users\ca\Desktop\rose_iso\common;F:\MongoDB\bin;F:\Maven\apache-maven-3.5.4\bin;F:\svn Server\bin;F:\TortoiseSVN\bin;C:\Program Files (x86)\Skype\Phone\;F:\git_service\Git\bin;F:\appserv\Apache2.2\bin;F:\appserv\php5;F:\appserv\MySQL\bin;F:\Maven\apache-maven-3.5.4\bin;.]
2018-08-09 10:43:30.466  INFO 12712 --- [localhost-startStop-1] o.a.c.c.C.[Tomcat].[localhost].[/]       : Initializing Spring embedded WebApplicationContext
2018-08-09 10:43:30.467  INFO 12712 --- [localhost-startStop-1] o.s.web.context.ContextLoader            : Root WebApplicationContext: initialization completed in 2970 ms
2018-08-09 10:43:30.532  INFO 12712 --- [localhost-startStop-1] o.s.b.w.servlet.ServletRegistrationBean  : Servlet dispatcherServlet mapped to [/]
2018-08-09 10:43:30.537  INFO 12712 --- [localhost-startStop-1] o.s.b.w.servlet.FilterRegistrationBean   : Mapping filter: 'characterEncodingFilter' to: [/*]
2018-08-09 10:43:30.780  INFO 12712 --- [restartedMain] s.w.s.m.m.a.RequestMappingHandlerMapping : Mapped "{[/manager/login],methods=[GET]}" onto public hsbc.team03.ordersystem.bankmanager.ReturnValue hsbc.team03.ordersystem.bankmanager.BankManageController.managerLogin(java.lang.String,java.lang.String)
2018-08-09 10:43:30.783  INFO 12712 --- [restartedMain] s.w.s.m.m.a.RequestMappingHandlerMapping : Mapped "{[/manager/delete/products],methods=[DELETE]}" onto public int hsbc.team03.ordersystem.displayproduct.ManagerController.deleteProductByProductCode(hsbc.team03.ordersystem.displayproduct.Product)
2018-08-09 10:43:30.784  INFO 12712 --- [restartedMain] s.w.s.m.m.a.RequestMappingHandlerMapping : Mapped "{[/login]}" onto public org.springframework.web.servlet.ModelAndView hsbc.team03.ordersystem.displayproduct.ManagerController.managerPage()
2018-08-09 10:43:30.785  INFO 12712 --- [restartedMain] s.w.s.m.m.a.RequestMappingHandlerMapping : Mapped "{[/manager/productlist],methods=[GET]}" onto public java.util.List<hsbc.team03.ordersystem.displayproduct.Product> hsbc.team03.ordersystem.displayproduct.ManagerController.getAllProduct()
2018-08-09 10:43:30.785  INFO 12712 --- [restartedMain] s.w.s.m.m.a.RequestMappingHandlerMapping : Mapped "{[/manager/modify/products],methods=[POST]}" onto public boolean hsbc.team03.ordersystem.displayproduct.ManagerController.modifyProduct(hsbc.team03.ordersystem.displayproduct.Product)
2018-08-09 10:43:30.786  INFO 12712 --- [restartedMain] s.w.s.m.m.a.RequestMappingHandlerMapping : Mapped "{[/manager/add/products],methods=[POST]}" onto public java.lang.Boolean hsbc.team03.ordersystem.displayproduct.ManagerController.addProduct(hsbc.team03.ordersystem.displayproduct.Product)
2018-08-09 10:43:30.787  INFO 12712 --- [restartedMain] s.w.s.m.m.a.RequestMappingHandlerMapping : Mapped "{[/user/get/products],methods=[GET]}" onto public java.util.List<hsbc.team03.ordersystem.displayproduct.Product> hsbc.team03.ordersystem.displayproduct.ProductController.getProduct()
2018-08-09 10:43:30.791  INFO 12712 --- [restartedMain] s.w.s.m.m.a.RequestMappingHandlerMapping : Mapped "{[/user/login/dologin],methods=[GET]}" onto public hsbc.team03.ordersystem.loginregister.ResultView hsbc.team03.ordersystem.loginregister.LoginController.login(java.lang.String,java.lang.String,javax.servlet.http.HttpServletRequest)
2018-08-09 10:43:30.795  INFO 12712 --- [restartedMain] s.w.s.m.m.a.RequestMappingHandlerMapping : Mapped "{[/user/register/phone-number],methods=[POST]}" onto public hsbc.team03.ordersystem.loginregister.ResultView hsbc.team03.ordersystem.loginregister.RegisterController.sendVerifyMessage(java.lang.String,javax.servlet.http.HttpServletResponse)
2018-08-09 10:43:30.796  INFO 12712 --- [restartedMain] s.w.s.m.m.a.RequestMappingHandlerMapping : Mapped "{[/user/register/verify-code],methods=[POST]}" onto public hsbc.team03.ordersystem.loginregister.ResultView hsbc.team03.ordersystem.loginregister.RegisterController.verifyCode(java.lang.String,javax.servlet.http.HttpServletRequest)
2018-08-09 10:43:30.797  INFO 12712 --- [restartedMain] s.w.s.m.m.a.RequestMappingHandlerMapping : Mapped "{[/user/register/username-check],methods=[GET]}" onto public hsbc.team03.ordersystem.loginregister.ResultView hsbc.team03.ordersystem.loginregister.RegisterController.usernameCheck(java.lang.String)
2018-08-09 10:43:30.797  INFO 12712 --- [restartedMain] s.w.s.m.m.a.RequestMappingHandlerMapping : Mapped "{[/user/register/login-message],methods=[POST]}" onto public hsbc.team03.ordersystem.loginregister.ResultView hsbc.team03.ordersystem.loginregister.RegisterController.loginMessage(hsbc.team03.ordersystem.loginregister.UserInfo)
2018-08-09 10:43:30.799  INFO 12712 --- [restartedMain] s.w.s.m.m.a.RequestMappingHandlerMapping : Mapped "{[/order/list/show],methods=[GET]}" onto public hsbc.team03.ordersystem.result.ResultView hsbc.team03.ordersystem.orderlistshow.OrderShowController.showAllOrder()
2018-08-09 10:43:30.800  INFO 12712 --- [restartedMain] s.w.s.m.m.a.RequestMappingHandlerMapping : Mapped "{[/user/product/list],methods=[GET]}" onto public hsbc.team03.ordersystem.result.ResultView hsbc.team03.ordersystem.productsshow.ProductDetailShowController.getList()
2018-08-09 10:43:30.802  INFO 12712 --- [restartedMain] s.w.s.m.m.a.RequestMappingHandlerMapping : Mapped "{[/order/toorder],methods=[POST],produces=[application/json;charset=utf-8]}" onto public java.lang.Object hsbc.team03.ordersystem.toorder.product.OrderController.toOrder(hsbc.team03.ordersystem.toorder.product.ProductInfo,java.lang.String,javax.servlet.http.HttpServletRequest)
2018-08-09 10:43:30.809  INFO 12712 --- [restartedMain] s.w.s.m.m.a.RequestMappingHandlerMapping : Mapped "{[/error]}" onto public org.springframework.http.ResponseEntity<java.util.Map<java.lang.String, java.lang.Object>> org.springframework.boot.autoconfigure.web.servlet.error.BasicErrorController.error(javax.servlet.http.HttpServletRequest)
2018-08-09 10:43:30.810  INFO 12712 --- [restartedMain] s.w.s.m.m.a.RequestMappingHandlerMapping : Mapped "{[/error],produces=[text/html]}" onto public org.springframework.web.servlet.ModelAndView org.springframework.boot.autoconfigure.web.servlet.error.BasicErrorController.errorHtml(javax.servlet.http.HttpServletRequest,javax.servlet.http.HttpServletResponse)
2018-08-09 10:43:30.904  INFO 12712 --- [restartedMain] s.w.s.m.m.a.RequestMappingHandlerAdapter : Looking for @ControllerAdvice: org.springframework.boot.web.servlet.context.AnnotationConfigServletWebServerApplicationContext@65fb0536: startup date [Thu Aug 09 10:43:27 CST 2018]; root of context hierarchy
2018-08-09 10:43:31.715  INFO 12712 --- [restartedMain] o.s.b.d.a.OptionalLiveReloadServer       : LiveReload server is running on port 35729
2018-08-09 10:43:31.772  INFO 12712 --- [restartedMain] o.s.j.e.a.AnnotationMBeanExporter        : Registering beans for JMX exposure on startup
2018-08-09 10:43:31.803 ERROR 12712 --- [restartedMain] o.apache.catalina.core.StandardService   : Failed to start connector [Connector[HTTP/1.1-8080]]

org.apache.catalina.LifecycleException: Failed to start component [Connector[HTTP/1.1-8080]]
	at org.apache.catalina.util.LifecycleBase.start(LifecycleBase.java:167) ~[tomcat-embed-core-8.5.32.jar:8.5.32]
	at org.apache.catalina.core.StandardService.addConnector(StandardService.java:225) ~[tomcat-embed-core-8.5.32.jar:8.5.32]
	at org.springframework.boot.web.embedded.tomcat.TomcatWebServer.addPreviouslyRemovedConnectors(TomcatWebServer.java:256) [spring-boot-2.0.4.RELEASE.jar:2.0.4.RELEASE]
	at org.springframework.boot.web.embedded.tomcat.TomcatWebServer.start(TomcatWebServer.java:198) [spring-boot-2.0.4.RELEASE.jar:2.0.4.RELEASE]
	at org.springframework.boot.web.servlet.context.ServletWebServerApplicationContext.startWebServer(ServletWebServerApplicationContext.java:300) [spring-boot-2.0.4.RELEASE.jar:2.0.4.RELEASE]
	at org.springframework.boot.web.servlet.context.ServletWebServerApplicationContext.finishRefresh(ServletWebServerApplicationContext.java:162) [spring-boot-2.0.4.RELEASE.jar:2.0.4.RELEASE]
	at org.springframework.context.support.AbstractApplicationContext.refresh(AbstractApplicationContext.java:553) [spring-context-5.0.8.RELEASE.jar:5.0.8.RELEASE]
	at org.springframework.boot.web.servlet.context.ServletWebServerApplicationContext.refresh(ServletWebServerApplicationContext.java:140) [spring-boot-2.0.4.RELEASE.jar:2.0.4.RELEASE]
	at org.springframework.boot.SpringApplication.refresh(SpringApplication.java:762) [spring-boot-2.0.4.RELEASE.jar:2.0.4.RELEASE]
	at org.springframework.boot.SpringApplication.refreshContext(SpringApplication.java:398) [spring-boot-2.0.4.RELEASE.jar:2.0.4.RELEASE]
	at org.springframework.boot.SpringApplication.run(SpringApplication.java:330) [spring-boot-2.0.4.RELEASE.jar:2.0.4.RELEASE]
	at org.springframework.boot.SpringApplication.run(SpringApplication.java:1258) [spring-boot-2.0.4.RELEASE.jar:2.0.4.RELEASE]
	at org.springframework.boot.SpringApplication.run(SpringApplication.java:1246) [spring-boot-2.0.4.RELEASE.jar:2.0.4.RELEASE]
	at hsbc.team03.ordersystem.OrdersystemApplication.main(OrdersystemApplication.java:23) [classes/:na]
	at sun.reflect.NativeMethodAccessorImpl.invoke0(Native Method) ~[na:1.8.0_152]
	at sun.reflect.NativeMethodAccessorImpl.invoke(NativeMethodAccessorImpl.java:62) ~[na:1.8.0_152]
	at sun.reflect.DelegatingMethodAccessorImpl.invoke(DelegatingMethodAccessorImpl.java:43) ~[na:1.8.0_152]
	at java.lang.reflect.Method.invoke(Method.java:498) ~[na:1.8.0_152]
	at org.springframework.boot.devtools.restart.RestartLauncher.run(RestartLauncher.java:49) [spring-boot-devtools-2.0.4.RELEASE.jar:2.0.4.RELEASE]
Caused by: org.apache.catalina.LifecycleException: Protocol handler start failed
	at org.apache.catalina.connector.Connector.startInternal(Connector.java:1020) ~[tomcat-embed-core-8.5.32.jar:8.5.32]
	at org.apache.catalina.util.LifecycleBase.start(LifecycleBase.java:150) ~[tomcat-embed-core-8.5.32.jar:8.5.32]
	... 18 common frames omitted
Caused by: java.net.BindException: Address already in use: bind
	at sun.nio.ch.Net.bind0(Native Method) ~[na:1.8.0_152]
	at sun.nio.ch.Net.bind(Net.java:433) ~[na:1.8.0_152]
	at sun.nio.ch.Net.bind(Net.java:425) ~[na:1.8.0_152]
	at sun.nio.ch.ServerSocketChannelImpl.bind(ServerSocketChannelImpl.java:223) ~[na:1.8.0_152]
	at sun.nio.ch.ServerSocketAdaptor.bind(ServerSocketAdaptor.java:74) ~[na:1.8.0_152]
	at org.apache.tomcat.util.net.NioEndpoint.bind(NioEndpoint.java:210) ~[tomcat-embed-core-8.5.32.jar:8.5.32]
	at org.apache.tomcat.util.net.AbstractEndpoint.start(AbstractEndpoint.java:1150) ~[tomcat-embed-core-8.5.32.jar:8.5.32]
	at org.apache.coyote.AbstractProtocol.start(AbstractProtocol.java:591) ~[tomcat-embed-core-8.5.32.jar:8.5.32]
	at org.apache.catalina.connector.Connector.startInternal(Connector.java:1018) ~[tomcat-embed-core-8.5.32.jar:8.5.32]
	... 19 common frames omitted

2018-08-09 10:43:31.808  INFO 12712 --- [restartedMain] o.apache.catalina.core.StandardService   : Stopping service [Tomcat]
2018-08-09 10:43:31.835  INFO 12712 --- [restartedMain] ConditionEvaluationReportLoggingListener : 

Error starting ApplicationContext. To display the conditions report re-run your application with 'debug' enabled.
2018-08-09 10:43:31.843 ERROR 12712 --- [restartedMain] o.s.b.d.LoggingFailureAnalysisReporter   : 

***************************
APPLICATION FAILED TO START
***************************

Description:

The Tomcat connector configured to listen on port 8080 failed to start. The port may already be in use or the connector may be misconfigured.

Action:

Verify the connector's configuration, identify and stop any process that's listening on port 8080, or configure this application to listen on another port.

2018-08-09 10:43:31.845  INFO 12712 --- [restartedMain] ConfigServletWebServerApplicationContext : Closing org.springframework.boot.web.servlet.context.AnnotationConfigServletWebServerApplicationContext@65fb0536: startup date [Thu Aug 09 10:43:27 CST 2018]; root of context hierarchy
2018-08-09 10:43:31.851  INFO 12712 --- [restartedMain] o.s.j.e.a.AnnotationMBeanExporter        : Unregistering JMX-exposed beans on shutdown
2018-08-09 10:44:25.072  INFO 11504 --- [restartedMain] h.t.ordersystem.OrdersystemApplication   : Starting OrdersystemApplication on ca-PC with PID 11504 (F:\idea\HSBC_TEAM_3_OrderSystem\target\classes started by ca in F:\idea\HSBC_TEAM_3_OrderSystem)
2018-08-09 10:44:25.080  INFO 11504 --- [restartedMain] h.t.ordersystem.OrdersystemApplication   : The following profiles are active: prod
2018-08-09 10:44:25.180  INFO 11504 --- [restartedMain] ConfigServletWebServerApplicationContext : Refreshing org.springframework.boot.web.servlet.context.AnnotationConfigServletWebServerApplicationContext@624d2e03: startup date [Thu Aug 09 10:44:25 CST 2018]; root of context hierarchy
2018-08-09 10:44:26.288  INFO 11504 --- [restartedMain] o.s.b.f.s.DefaultListableBeanFactory     : Overriding bean definition for bean 'loginInterceptor' with a different definition: replacing [Generic bean: class [hsbc.team03.ordersystem.loginregister.LoginInterceptor]; scope=singleton; abstract=false; lazyInit=false; autowireMode=0; dependencyCheck=0; autowireCandidate=true; primary=false; factoryBeanName=null; factoryMethodName=null; initMethodName=null; destroyMethodName=null; defined in file [F:\idea\HSBC_TEAM_3_OrderSystem\target\classes\hsbc\team03\ordersystem\loginregister\LoginInterceptor.class]] with [Root bean: class [null]; scope=; abstract=false; lazyInit=false; autowireMode=3; dependencyCheck=0; autowireCandidate=true; primary=false; factoryBeanName=adapterConfig; factoryMethodName=loginInterceptor; initMethodName=null; destroyMethodName=(inferred); defined in class path resource [hsbc/team03/ordersystem/toorder/commonsutils/AdapterConfig.class]]
2018-08-09 10:44:27.966  INFO 11504 --- [restartedMain] o.s.b.w.embedded.tomcat.TomcatWebServer  : Tomcat initialized with port(s): 8080 (http)
2018-08-09 10:44:28.010  INFO 11504 --- [restartedMain] o.apache.catalina.core.StandardService   : Starting service [Tomcat]
2018-08-09 10:44:28.011  INFO 11504 --- [restartedMain] org.apache.catalina.core.StandardEngine  : Starting Servlet Engine: Apache Tomcat/8.5.32
2018-08-09 10:44:28.017  INFO 11504 --- [localhost-startStop-1] o.a.catalina.core.AprLifecycleListener   : The APR based Apache Tomcat Native library which allows optimal performance in production environments was not found on the java.library.path: [H:\erwin\jdk\jdk1.8\bin;C:\Windows\Sun\Java\bin;C:\Windows\system32;C:\Windows;H:\erwin\jdk\jdk1.8\bin;H:\erwin\jdk\jdk1.8\jre\bin;F:\Oracle\app\ca\product\11.2.0\dbhome_3\bin;C:\ProgramData\Oracle\Java\javapath;C:\Windows\system32;C:\Windows;C:\Windows\System32\Wbem;C:\Windows\System32\WindowsPowerShell\v1.0\;C:\Program Files\Microsoft SQL Server\110\Tools\Binn\;C:\Program Files (x86)\NVIDIA Corporation\PhysX\Common;F:\SDK\platform-tools;F:\SDK\tools;%JBOSS_HOME%\bin;C:\Program Files\Lenovo\Bluetooth Software\;C:\Program Files\Lenovo\Bluetooth Software\syswow64;C:\Users\ca\Desktop\rose_iso\common;F:\MongoDB\bin;F:\Maven\apache-maven-3.5.4\bin;F:\svn Server\bin;F:\TortoiseSVN\bin;C:\Program Files (x86)\Skype\Phone\;F:\git_service\Git\bin;F:\appserv\Apache2.2\bin;F:\appserv\php5;F:\appserv\MySQL\bin;F:\Maven\apache-maven-3.5.4\bin;.]
2018-08-09 10:44:28.195  INFO 11504 --- [localhost-startStop-1] o.a.c.c.C.[Tomcat].[localhost].[/]       : Initializing Spring embedded WebApplicationContext
2018-08-09 10:44:28.196  INFO 11504 --- [localhost-startStop-1] o.s.web.context.ContextLoader            : Root WebApplicationContext: initialization completed in 3017 ms
2018-08-09 10:44:28.238  INFO 11504 --- [localhost-startStop-1] o.s.b.w.servlet.ServletRegistrationBean  : Servlet dispatcherServlet mapped to [/]
2018-08-09 10:44:28.244  INFO 11504 --- [localhost-startStop-1] o.s.b.w.servlet.FilterRegistrationBean   : Mapping filter: 'characterEncodingFilter' to: [/*]
2018-08-09 10:44:28.476  INFO 11504 --- [restartedMain] s.w.s.m.m.a.RequestMappingHandlerMapping : Mapped "{[/manager/login],methods=[GET]}" onto public hsbc.team03.ordersystem.bankmanager.ReturnValue hsbc.team03.ordersystem.bankmanager.BankManageController.managerLogin(java.lang.String,java.lang.String)
2018-08-09 10:44:28.479  INFO 11504 --- [restartedMain] s.w.s.m.m.a.RequestMappingHandlerMapping : Mapped "{[/manager/delete/products],methods=[DELETE]}" onto public int hsbc.team03.ordersystem.displayproduct.ManagerController.deleteProductByProductCode(hsbc.team03.ordersystem.displayproduct.Product)
2018-08-09 10:44:28.480  INFO 11504 --- [restartedMain] s.w.s.m.m.a.RequestMappingHandlerMapping : Mapped "{[/login]}" onto public org.springframework.web.servlet.ModelAndView hsbc.team03.ordersystem.displayproduct.ManagerController.managerPage()
2018-08-09 10:44:28.480  INFO 11504 --- [restartedMain] s.w.s.m.m.a.RequestMappingHandlerMapping : Mapped "{[/manager/productlist],methods=[GET]}" onto public java.util.List<hsbc.team03.ordersystem.displayproduct.Product> hsbc.team03.ordersystem.displayproduct.ManagerController.getAllProduct()
2018-08-09 10:44:28.481  INFO 11504 --- [restartedMain] s.w.s.m.m.a.RequestMappingHandlerMapping : Mapped "{[/manager/modify/products],methods=[POST]}" onto public boolean hsbc.team03.ordersystem.displayproduct.ManagerController.modifyProduct(hsbc.team03.ordersystem.displayproduct.Product)
2018-08-09 10:44:28.481  INFO 11504 --- [restartedMain] s.w.s.m.m.a.RequestMappingHandlerMapping : Mapped "{[/manager/add/products],methods=[POST]}" onto public java.lang.Boolean hsbc.team03.ordersystem.displayproduct.ManagerController.addProduct(hsbc.team03.ordersystem.displayproduct.Product)
2018-08-09 10:44:28.482  INFO 11504 --- [restartedMain] s.w.s.m.m.a.RequestMappingHandlerMapping : Mapped "{[/user/get/products],methods=[GET]}" onto public java.util.List<hsbc.team03.ordersystem.displayproduct.Product> hsbc.team03.ordersystem.displayproduct.ProductController.getProduct()
2018-08-09 10:44:28.485  INFO 11504 --- [restartedMain] s.w.s.m.m.a.RequestMappingHandlerMapping : Mapped "{[/user/login/dologin],methods=[GET]}" onto public hsbc.team03.ordersystem.loginregister.ResultView hsbc.team03.ordersystem.loginregister.LoginController.login(java.lang.String,java.lang.String,javax.servlet.http.HttpServletRequest)
2018-08-09 10:44:28.490  INFO 11504 --- [restartedMain] s.w.s.m.m.a.RequestMappingHandlerMapping : Mapped "{[/user/register/phone-number],methods=[POST]}" onto public hsbc.team03.ordersystem.loginregister.ResultView hsbc.team03.ordersystem.loginregister.RegisterController.sendVerifyMessage(java.lang.String,javax.servlet.http.HttpServletResponse)
2018-08-09 10:44:28.491  INFO 11504 --- [restartedMain] s.w.s.m.m.a.RequestMappingHandlerMapping : Mapped "{[/user/register/verify-code],methods=[POST]}" onto public hsbc.team03.ordersystem.loginregister.ResultView hsbc.team03.ordersystem.loginregister.RegisterController.verifyCode(java.lang.String,javax.servlet.http.HttpServletRequest)
2018-08-09 10:44:28.491  INFO 11504 --- [restartedMain] s.w.s.m.m.a.RequestMappingHandlerMapping : Mapped "{[/user/register/username-check],methods=[GET]}" onto public hsbc.team03.ordersystem.loginregister.ResultView hsbc.team03.ordersystem.loginregister.RegisterController.usernameCheck(java.lang.String)
2018-08-09 10:44:28.492  INFO 11504 --- [restartedMain] s.w.s.m.m.a.RequestMappingHandlerMapping : Mapped "{[/user/register/login-message],methods=[POST]}" onto public hsbc.team03.ordersystem.loginregister.ResultView hsbc.team03.ordersystem.loginregister.RegisterController.loginMessage(hsbc.team03.ordersystem.loginregister.UserInfo)
2018-08-09 10:44:28.493  INFO 11504 --- [restartedMain] s.w.s.m.m.a.RequestMappingHandlerMapping : Mapped "{[/order/list/show],methods=[GET]}" onto public hsbc.team03.ordersystem.result.ResultView hsbc.team03.ordersystem.orderlistshow.OrderShowController.showAllOrder()
2018-08-09 10:44:28.494  INFO 11504 --- [restartedMain] s.w.s.m.m.a.RequestMappingHandlerMapping : Mapped "{[/user/product/list],methods=[GET]}" onto public hsbc.team03.ordersystem.result.ResultView hsbc.team03.ordersystem.productsshow.ProductDetailShowController.getList()
2018-08-09 10:44:28.497  INFO 11504 --- [restartedMain] s.w.s.m.m.a.RequestMappingHandlerMapping : Mapped "{[/order/toorder],methods=[POST],produces=[application/json;charset=utf-8]}" onto public java.lang.Object hsbc.team03.ordersystem.toorder.product.OrderController.toOrder(hsbc.team03.ordersystem.toorder.product.ProductInfo,java.lang.String,javax.servlet.http.HttpServletRequest)
2018-08-09 10:44:28.505  INFO 11504 --- [restartedMain] s.w.s.m.m.a.RequestMappingHandlerMapping : Mapped "{[/error]}" onto public org.springframework.http.ResponseEntity<java.util.Map<java.lang.String, java.lang.Object>> org.springframework.boot.autoconfigure.web.servlet.error.BasicErrorController.error(javax.servlet.http.HttpServletRequest)
2018-08-09 10:44:28.506  INFO 11504 --- [restartedMain] s.w.s.m.m.a.RequestMappingHandlerMapping : Mapped "{[/error],produces=[text/html]}" onto public org.springframework.web.servlet.ModelAndView org.springframework.boot.autoconfigure.web.servlet.error.BasicErrorController.errorHtml(javax.servlet.http.HttpServletRequest,javax.servlet.http.HttpServletResponse)
2018-08-09 10:44:28.605  INFO 11504 --- [restartedMain] s.w.s.m.m.a.RequestMappingHandlerAdapter : Looking for @ControllerAdvice: org.springframework.boot.web.servlet.context.AnnotationConfigServletWebServerApplicationContext@624d2e03: startup date [Thu Aug 09 10:44:25 CST 2018]; root of context hierarchy
2018-08-09 10:44:29.306  INFO 11504 --- [restartedMain] o.s.b.d.a.OptionalLiveReloadServer       : LiveReload server is running on port 35729
2018-08-09 10:44:29.391  INFO 11504 --- [restartedMain] o.s.j.e.a.AnnotationMBeanExporter        : Registering beans for JMX exposure on startup
2018-08-09 10:44:29.453  INFO 11504 --- [restartedMain] o.s.b.w.embedded.tomcat.TomcatWebServer  : Tomcat started on port(s): 8080 (http) with context path ''
2018-08-09 10:44:29.460  INFO 11504 --- [restartedMain] h.t.ordersystem.OrdersystemApplication   : Started OrdersystemApplication in 5.115 seconds (JVM running for 7.736)
2018-08-09 10:45:55.267  INFO 11504 --- [http-nio-8080-exec-1] o.a.c.c.C.[Tomcat].[localhost].[/]       : Initializing Spring FrameworkServlet 'dispatcherServlet'
2018-08-09 10:45:55.267  INFO 11504 --- [http-nio-8080-exec-1] o.s.web.servlet.DispatcherServlet        : FrameworkServlet 'dispatcherServlet': initialization started
2018-08-09 10:45:55.286  INFO 11504 --- [http-nio-8080-exec-1] o.s.web.servlet.DispatcherServlet        : FrameworkServlet 'dispatcherServlet': initialization completed in 19 ms
2018-08-09 10:47:00.621  WARN 11504 --- [http-nio-8080-exec-3] o.s.web.servlet.PageNotFound             : Request method 'GET' not supported
